-------------------------------------------------------------------------------
Test set: br.com.devmedia.morphia.test.LivroDAOTest
-------------------------------------------------------------------------------
Tests run: 1, Failures: 0, Errors: 1, Skipped: 0, Time elapsed: 0.589 sec <<< FAILURE!
createLivro(br.com.devmedia.morphia.test.LivroDAOTest)  Time elapsed: 0.526 sec  <<< ERROR!
com.mongodb.MongoException$DuplicateKey: { "serverUsed" : "/127.0.0.1:27017" , "err" : "E11000 duplicate key error index: morphia.livros.$idxisbn  dup key: { : \"0100\" }" , "code" : 11000 , "n" : 0 , "connectionId" : 22 , "ok" : 1.0}
	at com.mongodb.CommandResult.getException(CommandResult.java:74)
	at com.mongodb.CommandResult.throwOnError(CommandResult.java:110)
	at com.mongodb.DBTCPConnector._checkWriteError(DBTCPConnector.java:102)
	at com.mongodb.DBTCPConnector.say(DBTCPConnector.java:142)
	at com.mongodb.DBTCPConnector.say(DBTCPConnector.java:115)
	at com.mongodb.DBApiLayer$MyCollection.insert(DBApiLayer.java:248)
	at com.mongodb.DBApiLayer$MyCollection.insert(DBApiLayer.java:204)
	at com.mongodb.DBCollection.insert(DBCollection.java:148)
	at com.mongodb.DBCollection.insert(DBCollection.java:91)
	at com.mongodb.DBCollection.save(DBCollection.java:810)
	at com.google.code.morphia.DatastoreImpl.save(DatastoreImpl.java:882)
	at com.google.code.morphia.DatastoreImpl.save(DatastoreImpl.java:949)
	at com.google.code.morphia.DatastoreImpl.save(DatastoreImpl.java:934)
	at com.google.code.morphia.dao.BasicDAO.save(BasicDAO.java:109)
	at br.com.devmedia.morphia.test.LivroDAOTest.createLivro(LivroDAOTest.java:48)
	at sun.reflect.NativeMethodAccessorImpl.invoke0(Native Method)
	at sun.reflect.NativeMethodAccessorImpl.invoke(NativeMethodAccessorImpl.java:57)
	at sun.reflect.DelegatingMethodAccessorImpl.invoke(DelegatingMethodAccessorImpl.java:43)
	at java.lang.reflect.Method.invoke(Method.java:606)
	at org.junit.runners.model.FrameworkMethod$1.runReflectiveCall(FrameworkMethod.java:45)
	at org.junit.internal.runners.model.ReflectiveCallable.run(ReflectiveCallable.java:15)
	at org.junit.runners.model.FrameworkMethod.invokeExplosively(FrameworkMethod.java:42)
	at org.junit.internal.runners.statements.InvokeMethod.evaluate(InvokeMethod.java:20)
	at org.junit.internal.runners.statements.RunBefores.evaluate(RunBefores.java:28)
	at org.junit.runners.ParentRunner.runLeaf(ParentRunner.java:263)
	at org.junit.runners.BlockJUnit4ClassRunner.runChild(BlockJUnit4ClassRunner.java:68)
	at org.junit.runners.BlockJUnit4ClassRunner.runChild(BlockJUnit4ClassRunner.java:47)
	at org.junit.runners.ParentRunner$3.run(ParentRunner.java:231)
	at org.junit.runners.ParentRunner$1.schedule(ParentRunner.java:60)
	at org.junit.runners.ParentRunner.runChildren(ParentRunner.java:229)
	at org.junit.runners.ParentRunner.access$000(ParentRunner.java:50)
	at org.junit.runners.ParentRunner$2.evaluate(ParentRunner.java:222)
	at org.junit.runners.ParentRunner.run(ParentRunner.java:300)
	at org.apache.maven.surefire.junit4.JUnit4TestSet.execute(JUnit4TestSet.java:35)
	at org.apache.maven.surefire.junit4.JUnit4Provider.executeTestSet(JUnit4Provider.java:115)
	at org.apache.maven.surefire.junit4.JUnit4Provider.invoke(JUnit4Provider.java:97)
	at sun.reflect.NativeMethodAccessorImpl.invoke0(Native Method)
	at sun.reflect.NativeMethodAccessorImpl.invoke(NativeMethodAccessorImpl.java:57)
	at sun.reflect.DelegatingMethodAccessorImpl.invoke(DelegatingMethodAccessorImpl.java:43)
	at java.lang.reflect.Method.invoke(Method.java:606)
	at org.apache.maven.surefire.booter.ProviderFactory$ClassLoaderProxy.invoke(ProviderFactory.java:103)
	at com.sun.proxy.$Proxy0.invoke(Unknown Source)
	at org.apache.maven.surefire.booter.SurefireStarter.invokeProvider(SurefireStarter.java:150)
	at org.apache.maven.surefire.booter.SurefireStarter.runSuitesInProcess(SurefireStarter.java:91)
	at org.apache.maven.surefire.booter.ForkedBooter.main(ForkedBooter.java:69)

